build/app/outputs/mapping/release/seeds.txt
me.naza.jandy.chat_app.MainActivity
me.naza.jandy.chat_app.MainActivity: MainActivity()
...
org.apache.tika.fork.ForkServer: boolean active
org.apache.tika.mime.ProbabilisticMimeDetectionSelector: float priorExtensionFileType
com.google.firebase.database.DatabaseRegistrar: java.lang.String LIBRARY_NAME
org.apache.tika.metadata.Property$ValueType: org.apache.tika.metadata.Property$ValueType[] $VALUES
org.apache.tika.metadata.ExternalProcess: org.apache.tika.metadata.Property STD_ERR_LENGTH
org.apache.tika.metadata.IPTC: org.apache.tika.metadata.Property INSTRUCTIONS
org.apache.tika.mime.ProbabilisticMimeDetectionSelector$Builder: float extension_trust
org.apache.tika.pipes.pipesiterator.PipesIterator: java.lang.String fetcherName
org.apache.tika.sax.xpath.ElementMatcher: org.apache.tika.sax.xpath.Matcher INSTANCE
org.apache.tika.metadata.TikaCoreProperties: org.apache.tika.metadata.Property MODIFIED
org.apache.tika.metadata.TikaCoreProperties: org.apache.tika.metadata.Property SIGNATURE_NAME
com.dexterous.flutterlocalnotifications.models.NotificationAction: java.util.List actionInputs
org.apache.tika.fork.MemoryURLStreamHandler: java.util.concurrent.atomic.AtomicInteger counter
org.apache.tika.config.TikaConfigSerializer$Mode: org.apache.tika.config.TikaConfigSerializer$Mode MINIMAL
org.apache.tika.metadata.Font: org.apache.tika.metadata.Property FONT_NAME
org.apache.tika.mime.Patterns: java.util.Map extensions
org.apache.tika.sax.RecursiveParserWrapperHandler: java.util.List metadataList
org.apache.tika.utils.SystemUtils: java.lang.String OS_VERSION
org.apache.tika.fork.ForkClient: java.util.concurrent.atomic.AtomicInteger CLIENT_COUNTER
org.apache.tika.fork.ForkClient: java.lang.ClassLoader loader
android.support.v4.media.session.MediaSessionCompat$QueueItem: android.os.Parcelable$Creator CREATOR
org.apache.tika.metadata.WordPerfect: java.lang.String WORDPERFECT_METADATA_NAME_PREFIX
org.apache.tika.mime.MimeType: java.util.List links
org.apache.tika.pipes.PipesServer: org.apache.tika.detect.Detector detector
org.apache.tika.metadata.HTML: org.apache.tika.metadata.Property SCRIPT_SOURCE
com.dexterous.flutterlocalnotifications.FlutterLocalNotificationsPlugin: java.lang.String NOTIFICATION_DETAILS
com.dexterous.flutterlocalnotifications.models.styles.InboxStyleInformation: java.lang.Boolean htmlFormatContentTitle
androidx.datastore.preferences.PreferencesProto$Value: int STRING_SET_FIELD_NUMBER
org.apache.tika.metadata.IPTC: org.apache.tika.metadata.Property LICENSOR_NAME
org.apache.tika.parser.AutoDetectParserConfig: java.lang.Integer maximumDepth
org.apache.tika.pipes.PipesServer$STATUS: org.apache.tika.pipes.PipesServer$STATUS EMITTER_NOT_FOUND
org.apache.tika.metadata.Office: org.apache.tika.metadata.Property SLIDE_COUNT
org.apache.tika.mime.ProbabilisticMimeDetectionSelector$Builder: float extension_neg
org.apache.tika.metadata.MachineMetadata: java.lang.String MACHINE_S370
org.apache.tika.metadata.IPTC: org.apache.tika.metadata.Property SUPPLEMENTAL_CATEGORIES
org.apache.tika.metadata.Photoshop: org.apache.tika.metadata.Property CATEGORY
androidx.datastore.preferences.protobuf.GeneratedMessageLite: int UNINITIALIZED_SERIALIZED_SIZE
org.apache.tika.parser.RecursiveParserWrapper$ParserState: java.util.concurrent.atomic.AtomicInteger unknownCount
org.apache.tika.metadata.XMPMM: org.apache.tika.metadata.Property HISTORY_WHEN
org.apache.tika.utils.CharsetUtils: java.lang.reflect.Method getCharsetICU
org.apache.tika.metadata.ClimateForcast: java.lang.String ACKNOWLEDGEMENT
org.apache.tika.metadata.TikaCoreProperties: java.lang.String EMBEDDED_RESOURCE_TYPE_KEY
org.apache.tika.metadata.Photoshop: org.apache.tika.metadata.Property SOURCE
org.apache.tika.mime.MediaType: org.apache.tika.mime.MediaType TEXT_PLAIN
com.dexterous.flutterlocalnotifications.models.NotificationDetails: java.lang.String BIG_PICTURE
org.apache.tika.metadata.Photoshop: org.apache.tika.metadata.Property CITY
org.apache.tika.metadata.Message: org.apache.tika.metadata.Property MESSAGE_BCC_DISPLAY_NAME