build/app/outputs/mapping/release/usage.txt
me.naza.jandy.chat_app.R$drawable
me.naza.jandy.chat_app.R$mipmap
me.naza.jandy.chat_app.R$string
me.naza.jandy.chat_app.R$style
me.naza.jandy.chat_app.R
...
androidx.core.os.PersistableBundleApi22ImplKt
androidx.core.os.PersistableBundleKt
androidx.core.os.ProcessCompat$Api19Impl
androidx.core.os.ProcessCompat$Api24Impl
androidx.core.os.ProcessCompat
androidx.core.os.Profiling$registerForAllProfilingResults$1$2
androidx.core.os.Profiling$registerForAllProfilingResults$1
androidx.core.os.Profiling
androidx.core.os.ProfilingRequest
androidx.core.os.ProfilingRequestBuilder
androidx.core.os.StackSamplingRequestBuilder
androidx.core.os.SystemTraceRequestBuilder
androidx.core.os.TraceCompat$Api29Impl
androidx.core.os.TraceCompat:
    private static final java.lang.String TAG
    private void <init>()
    public static void beginAsyncSection(java.lang.String,int)
    public static void endAsyncSection(java.lang.String,int)
    public static boolean isEnabled()
    public static void setCounter(java.lang.String,int)
androidx.core.os.TraceKt
androidx.core.os.UserHandleCompat$Api24Impl
androidx.core.os.UserHandleCompat
androidx.core.os.UserManagerCompat$Api24Impl:
    private void <init>()
androidx.core.os.UserManagerCompat:
    private void <init>()
androidx.core.provider.CallbackWrapper:
    void <init>(androidx.core.provider.FontsContractCompat$FontRequestCallback)
androidx.core.provider.CalleeHandler:
    private void <init>()
androidx.core.provider.DocumentsContractCompat$DocumentCompat
androidx.core.provider.DocumentsContractCompat$DocumentsContractApi21Impl
androidx.core.provider.DocumentsContractCompat$DocumentsContractApi24Impl
androidx.core.provider.DocumentsContractCompat
androidx.core.provider.FontProvider:
    private void <init>()
    static void clearProviderCache()
androidx.core.provider.FontRequest:
    public void <init>(java.lang.String,java.lang.String,java.lang.String,int)
    public java.lang.String getIdentifier()
androidx.core.provider.FontRequestWorker:
    private void <init>()
    static void resetTypefaceCache()
androidx.core.provider.FontsContractCompat$Columns
androidx.core.provider.FontsContractCompat$FontFamilyResult:
    public static final int STATUS_OK
    public static final int STATUS_UNEXPECTED_DATA_PROVIDED
    public static final int STATUS_WRONG_CERTIFICATES
androidx.core.provider.FontsContractCompat$FontRequestCallback$FontRequestFailReason
androidx.core.provider.FontsContractCompat$FontRequestCallback:
    public static final int FAIL_REASON_FONT_LOAD_ERROR
    public static final int FAIL_REASON_FONT_NOT_FOUND
    public static final int FAIL_REASON_FONT_UNAVAILABLE
    public static final int FAIL_REASON_MALFORMED_QUERY
    public static final int FAIL_REASON_PROVIDER_NOT_FOUND
    public static final int FAIL_REASON_SECURITY_VIOLATION
    public static final int FAIL_REASON_WRONG_CERTIFICATES
    public static final int RESULT_OK
    static final int RESULT_SUCCESS